<?xml version="1.0" encoding="UTF-8"?>
<!-- Generated by org.testng.reporters.JUnitReportReporter -->
<testsuite hostname="Vasuki-PC" name="com.testng.Annotation1" tests="1" failures="0" timestamp="4 Jun 2019 07:20:57 GMT" time="0.016" errors="0">
  <testcase name="f" time="0.016" classname="com.testng.Annotation1"/>
</testsuite> <!-- com.testng.Annotation1 -->
