<?xml version="1.0" encoding="UTF-8"?>
<!-- Generated by org.testng.reporters.JUnitReportReporter -->
<testsuite hostname="Vasuki-PC" name="com.testng.Annotaions" tests="1" failures="0" timestamp="4 Jun 2019 07:36:06 GMT" time="0.068" errors="0">
  <testcase name="verifyPageTitle" time="0.068" classname="com.testng.Annotaions"/>
</testsuite> <!-- com.testng.Annotaions -->
