<?xml version="1.0" encoding="UTF-8"?>
<!-- Generated by org.testng.reporters.JUnitReportReporter -->
<testsuite hostname="Vasuki-PC" name="com.testng.Groups" tests="3" failures="0" timestamp="4 Jun 2019 08:10:54 GMT" time="0.031" errors="0">
  <testcase name="test1" time="0.016" classname="com.testng.Groups"/>
  <testcase name="test3" time="0.000" classname="com.testng.Groups"/>
  <testcase name="test2" time="0.015" classname="com.testng.Groups"/>
</testsuite> <!-- com.testng.Groups -->
